<?xml version="1.0" encoding="UTF-8"?>
<!-- Generated by org.testng.reporters.JUnitReportReporter -->
<testsuite skipped="1" hostname="DESKTOP-3HM3893" name="com.qa.hubspot.tests.LoginPageTest" tests="4" failures="0" timestamp="05 Apr 2020 05:36:02 GMT" time="10.962" errors="0">
  <testcase name="verifySignUpLink" time="6.487" classname="com.qa.hubspot.tests.LoginPageTest"/>
  <testcase name="verifyLoginPageTitleTest" time="0.041" classname="com.qa.hubspot.tests.LoginPageTest"/>
  <testcase name="loginTest" time="4.434" classname="com.qa.hubspot.tests.LoginPageTest"/>
  <testcase name="login_InvalidTestCases" classname="com.qa.hubspot.tests.LoginPageTest">
    <skipped/>
  </testcase> <!-- login_InvalidTestCases -->
</testsuite> <!-- com.qa.hubspot.tests.LoginPageTest -->
