<?xml version="1.0" encoding="UTF-8"?>
<!-- Generated by org.testng.reporters.JUnitReportReporter -->
<testsuite skipped="0" hostname="DESKTOP-3HM3893" name="com.qa.hubspot.tests.HomePageTest" tests="3" failures="0" timestamp="05 Apr 2020 05:36:02 GMT" time="0.372" errors="0">
  <testcase name="verifyHomePageHeader" time="0.200" classname="com.qa.hubspot.tests.HomePageTest"/>
  <testcase name="verifyHomePageTitle" time="0.031" classname="com.qa.hubspot.tests.HomePageTest"/>
  <testcase name="verifyLoggedInUserTest" time="0.141" classname="com.qa.hubspot.tests.HomePageTest"/>
</testsuite> <!-- com.qa.hubspot.tests.HomePageTest -->
