<?xml version="1.0" encoding="UTF-8"?>
<!-- Generated by org.testng.reporters.JUnitReportReporter -->
<testsuite skipped="0" hostname="DESKTOP-3HM3893" name="com.qa.hubspot.tests.ContactsPageTest" tests="5" failures="0" timestamp="31 Mar 2020 11:01:39 GMT" time="30.814" errors="0">
  <testcase name="verifyContactPageTitleTest" time="0.229" classname="com.qa.hubspot.tests.ContactsPageTest"/>
  <testcase name="createNewContactTest" time="8.757" classname="com.qa.hubspot.tests.ContactsPageTest"/>
  <testcase name="createNewContactTest" time="7.004" classname="com.qa.hubspot.tests.ContactsPageTest"/>
  <testcase name="createNewContactTest" time="7.699" classname="com.qa.hubspot.tests.ContactsPageTest"/>
  <testcase name="createNewContactTest" time="7.125" classname="com.qa.hubspot.tests.ContactsPageTest"/>
</testsuite> <!-- com.qa.hubspot.tests.ContactsPageTest -->
