<?xml version="1.0" encoding="UTF-8"?>
<!-- Generated by org.testng.reporters.JUnitReportReporter -->
<testsuite skipped="1" hostname="DESKTOP-3HM3893" name="com.qa.hubspot.tests.LoginPageTest" tests="4" failures="0" timestamp="04 Apr 2020 02:29:25 GMT" time="11.842" errors="0">
  <testcase name="verifySignUpLink" time="6.369" classname="com.qa.hubspot.tests.LoginPageTest"/>
  <testcase name="verifyLoginPageTitleTest" time="0.028" classname="com.qa.hubspot.tests.LoginPageTest"/>
  <testcase name="loginTest" time="5.445" classname="com.qa.hubspot.tests.LoginPageTest"/>
  <testcase name="login_InvalidTestCases" classname="com.qa.hubspot.tests.LoginPageTest">
    <skipped/>
  </testcase> <!-- login_InvalidTestCases -->
</testsuite> <!-- com.qa.hubspot.tests.LoginPageTest -->
